<?xml version="1.0" encoding="UTF-8"?>
<!-- Generated by org.testng.reporters.JUnitXMLReporter -->
<testsuite hostname="laptop" ignored="0" name="Default test" tests="14" failures="0" timestamp="25 Jun 2018 18:42:44 GMT" time="60.905" errors="0">
  <testcase name="test1_InvalidEmailForm" time="1.304" classname="testclasses.TestNG_SignUp"/>
  <testcase name="test1_InvalidEmailForm" time="1.248" classname="testclasses.TestNG_SignUp"/>
  <testcase name="test1_InvalidEmailForm" time="0.956" classname="testclasses.TestNG_SignUp"/>
  <testcase name="test1_InvalidEmailForm" time="1.681" classname="testclasses.TestNG_SignUp"/>
  <testcase name="test1_InvalidEmailForm" time="1.059" classname="testclasses.TestNG_SignUp"/>
  <testcase name="test2_ZipOutOfRange" time="2.123" classname="testclasses.TestNG_SignUp"/>
  <testcase name="test3_ZipInRange" time="2.657" classname="testclasses.TestNG_SignUp"/>
  <testcase name="test4_InvalidRegisterForm" time="7.358" classname="testclasses.TestNG_SignUp"/>
  <testcase name="test4_InvalidRegisterForm" time="3.476" classname="testclasses.TestNG_SignUp"/>
  <testcase name="test4_InvalidRegisterForm" time="3.147" classname="testclasses.TestNG_SignUp"/>
  <testcase name="test4_InvalidRegisterForm" time="3.797" classname="testclasses.TestNG_SignUp"/>
  <testcase name="test4_InvalidRegisterForm" time="3.936" classname="testclasses.TestNG_SignUp"/>
  <testcase name="test4_InvalidRegisterForm" time="4.51" classname="testclasses.TestNG_SignUp"/>
  <testcase name="test4_InvalidRegisterForm" time="4.945" classname="testclasses.TestNG_SignUp"/>
</testsuite> <!-- Default test -->
