<?xml version="1.0" encoding="UTF-8"?>
<testng-results skipped="0" failed="2" ignored="0" total="14" passed="12">
  <reporter-output>
  </reporter-output>
  <suite name="Default suite" duration-ms="84186" started-at="2018-08-20T03:42:07Z" finished-at="2018-08-20T03:43:31Z">
    <groups>
    </groups>
    <test name="Default test" duration-ms="84186" started-at="2018-08-20T03:42:07Z" finished-at="2018-08-20T03:43:31Z">
      <class name="testclasses.TestNG_SignUp">
        <test-method status="PASS" signature="beforeClass()[pri:0, instance:testclasses.TestNG_SignUp@4cc0edeb]" name="beforeClass" is-config="true" duration-ms="45122" started-at="2018-08-19T20:42:07Z" finished-at="2018-08-19T20:42:52Z">
          <reporter-output>
          </reporter-output>
        </test-method> <!-- beforeClass -->
        <test-method status="PASS" signature="test1_InvalidEmailForm(java.lang.String, java.lang.String, java.lang.String, java.lang.String)[pri:0, instance:testclasses.TestNG_SignUp@4cc0edeb]" name="test1_InvalidEmailForm" duration-ms="1755" started-at="2018-08-19T20:42:52Z" data-provider="emailForm" finished-at="2018-08-19T20:42:54Z">
          <params>
            <param index="0">
              <value>
                <![CDATA[ ]]>
              </value>
            </param>
            <param index="1">
              <value>
                <![CDATA[94706]]>
              </value>
            </param>
            <param index="2">
              <value>
                <![CDATA[email]]>
              </value>
            </param>
            <param index="3">
              <value>
                <![CDATA[Please enter an email address.]]>
              </value>
            </param>
          </params>
          <reporter-output>
          </reporter-output>
        </test-method> <!-- test1_InvalidEmailForm -->
        <test-method status="PASS" signature="test1_InvalidEmailForm(java.lang.String, java.lang.String, java.lang.String, java.lang.String)[pri:0, instance:testclasses.TestNG_SignUp@4cc0edeb]" name="test1_InvalidEmailForm" duration-ms="2624" started-at="2018-08-19T20:42:54Z" data-provider="emailForm" finished-at="2018-08-19T20:42:57Z">
          <params>
            <param index="0">
              <value>
                <![CDATA[charliebrown@fakecharlie.net]]>
              </value>
            </param>
            <param index="1">
              <value>
                <![CDATA[]]>
              </value>
            </param>
            <param index="2">
              <value>
                <![CDATA[zip]]>
              </value>
            </param>
            <param index="3">
              <value>
                <![CDATA[Please fill out this field.]]>
              </value>
            </param>
          </params>
          <reporter-output>
          </reporter-output>
        </test-method> <!-- test1_InvalidEmailForm -->
        <test-method status="PASS" signature="test1_InvalidEmailForm(java.lang.String, java.lang.String, java.lang.String, java.lang.String)[pri:0, instance:testclasses.TestNG_SignUp@4cc0edeb]" name="test1_InvalidEmailForm" duration-ms="1027" started-at="2018-08-19T20:42:57Z" data-provider="emailForm" finished-at="2018-08-19T20:42:58Z">
          <params>
            <param index="0">
              <value>
                <![CDATA[charlie.brown]]>
              </value>
            </param>
            <param index="1">
              <value>
                <![CDATA[94706]]>
              </value>
            </param>
            <param index="2">
              <value>
                <![CDATA[email]]>
              </value>
            </param>
            <param index="3">
              <value>
                <![CDATA[Please enter an email address.]]>
              </value>
            </param>
          </params>
          <reporter-output>
          </reporter-output>
        </test-method> <!-- test1_InvalidEmailForm -->
        <test-method status="PASS" signature="test1_InvalidEmailForm(java.lang.String, java.lang.String, java.lang.String, java.lang.String)[pri:0, instance:testclasses.TestNG_SignUp@4cc0edeb]" name="test1_InvalidEmailForm" duration-ms="1079" started-at="2018-08-19T20:42:58Z" data-provider="emailForm" finished-at="2018-08-19T20:42:59Z">
          <params>
            <param index="0">
              <value>
                <![CDATA[charliebrown@fakecharlie.net]]>
              </value>
            </param>
            <param index="1">
              <value>
                <![CDATA[9470]]>
              </value>
            </param>
            <param index="2">
              <value>
                <![CDATA[p]]>
              </value>
            </param>
            <param index="3">
              <value>
                <![CDATA[Please enter a valid US zip code]]>
              </value>
            </param>
          </params>
          <reporter-output>
          </reporter-output>
        </test-method> <!-- test1_InvalidEmailForm -->
        <test-method status="PASS" signature="test1_InvalidEmailForm(java.lang.String, java.lang.String, java.lang.String, java.lang.String)[pri:0, instance:testclasses.TestNG_SignUp@4cc0edeb]" name="test1_InvalidEmailForm" duration-ms="1078" started-at="2018-08-19T20:42:59Z" data-provider="emailForm" finished-at="2018-08-19T20:43:00Z">
          <params>
            <param index="0">
              <value>
                <![CDATA[charliebrown@fakecharlie.net]]>
              </value>
            </param>
            <param index="1">
              <value>
                <![CDATA[947O6]]>
              </value>
            </param>
            <param index="2">
              <value>
                <![CDATA[p]]>
              </value>
            </param>
            <param index="3">
              <value>
                <![CDATA[Please enter a valid US zip code]]>
              </value>
            </param>
          </params>
          <reporter-output>
          </reporter-output>
        </test-method> <!-- test1_InvalidEmailForm -->
        <test-method status="PASS" signature="test2_ZipOutOfRange()[pri:0, instance:testclasses.TestNG_SignUp@4cc0edeb]" name="test2_ZipOutOfRange" duration-ms="2406" started-at="2018-08-19T20:43:00Z" finished-at="2018-08-19T20:43:02Z">
          <reporter-output>
          </reporter-output>
        </test-method> <!-- test2_ZipOutOfRange -->
        <test-method status="PASS" signature="test3_ZipInRange()[pri:0, instance:testclasses.TestNG_SignUp@4cc0edeb]" name="test3_ZipInRange" duration-ms="4615" started-at="2018-08-19T20:43:02Z" finished-at="2018-08-19T20:43:07Z">
          <reporter-output>
          </reporter-output>
        </test-method> <!-- test3_ZipInRange -->
        <test-method status="PASS" signature="test4_InvalidRegisterForm(java.lang.String, java.lang.String, java.lang.String, java.lang.String, java.lang.String, java.lang.String, java.lang.String, java.lang.String, java.lang.String)[pri:0, instance:testclasses.TestNG_SignUp@4cc0edeb]" name="test4_InvalidRegisterForm" duration-ms="9574" started-at="2018-08-19T20:43:07Z" data-provider="registerForm" finished-at="2018-08-19T20:43:16Z">
          <params>
            <param index="0">
              <value>
                <![CDATA[]]>
              </value>
            </param>
            <param index="1">
              <value>
                <![CDATA[5555555555]]>
              </value>
            </param>
            <param index="2">
              <value>
                <![CDATA[123456]]>
              </value>
            </param>
            <param index="3">
              <value>
                <![CDATA[5555]]>
              </value>
            </param>
            <param index="4">
              <value>
                <![CDATA[1020]]>
              </value>
            </param>
            <param index="5">
              <value>
                <![CDATA[123]]>
              </value>
            </param>
            <param index="6">
              <value>
                <![CDATA[12345]]>
              </value>
            </param>
            <param index="7">
              <value>
                <![CDATA[name]]>
              </value>
            </param>
            <param index="8">
              <value>
                <![CDATA[Please fill out this field.]]>
              </value>
            </param>
          </params>
          <reporter-output>
          </reporter-output>
        </test-method> <!-- test4_InvalidRegisterForm -->
        <test-method status="PASS" signature="test4_InvalidRegisterForm(java.lang.String, java.lang.String, java.lang.String, java.lang.String, java.lang.String, java.lang.String, java.lang.String, java.lang.String, java.lang.String)[pri:0, instance:testclasses.TestNG_SignUp@4cc0edeb]" name="test4_InvalidRegisterForm" duration-ms="2516" started-at="2018-08-19T20:43:17Z" data-provider="registerForm" finished-at="2018-08-19T20:43:19Z">
          <params>
            <param index="0">
              <value>
                <![CDATA[Charlie Brown]]>
              </value>
            </param>
            <param index="1">
              <value>
                <![CDATA[]]>
              </value>
            </param>
            <param index="2">
              <value>
                <![CDATA[123456]]>
              </value>
            </param>
            <param index="3">
              <value>
                <![CDATA[1]]>
              </value>
            </param>
            <param index="4">
              <value>
                <![CDATA[1020]]>
              </value>
            </param>
            <param index="5">
              <value>
                <![CDATA[123]]>
              </value>
            </param>
            <param index="6">
              <value>
                <![CDATA[12345]]>
              </value>
            </param>
            <param index="7">
              <value>
                <![CDATA[phone]]>
              </value>
            </param>
            <param index="8">
              <value>
                <![CDATA[Please fill out this field.]]>
              </value>
            </param>
          </params>
          <reporter-output>
          </reporter-output>
        </test-method> <!-- test4_InvalidRegisterForm -->
        <test-method status="PASS" signature="test4_InvalidRegisterForm(java.lang.String, java.lang.String, java.lang.String, java.lang.String, java.lang.String, java.lang.String, java.lang.String, java.lang.String, java.lang.String)[pri:0, instance:testclasses.TestNG_SignUp@4cc0edeb]" name="test4_InvalidRegisterForm" duration-ms="2170" started-at="2018-08-19T20:43:19Z" data-provider="registerForm" finished-at="2018-08-19T20:43:21Z">
          <params>
            <param index="0">
              <value>
                <![CDATA[Charlie Brown]]>
              </value>
            </param>
            <param index="1">
              <value>
                <![CDATA[555]]>
              </value>
            </param>
            <param index="2">
              <value>
                <![CDATA[123456]]>
              </value>
            </param>
            <param index="3">
              <value>
                <![CDATA[1]]>
              </value>
            </param>
            <param index="4">
              <value>
                <![CDATA[1020]]>
              </value>
            </param>
            <param index="5">
              <value>
                <![CDATA[123]]>
              </value>
            </param>
            <param index="6">
              <value>
                <![CDATA[12345]]>
              </value>
            </param>
            <param index="7">
              <value>
                <![CDATA[p]]>
              </value>
            </param>
            <param index="8">
              <value>
                <![CDATA[Please enter a valid US mobile phone number]]>
              </value>
            </param>
          </params>
          <reporter-output>
          </reporter-output>
        </test-method> <!-- test4_InvalidRegisterForm -->
        <test-method status="PASS" signature="test4_InvalidRegisterForm(java.lang.String, java.lang.String, java.lang.String, java.lang.String, java.lang.String, java.lang.String, java.lang.String, java.lang.String, java.lang.String)[pri:0, instance:testclasses.TestNG_SignUp@4cc0edeb]" name="test4_InvalidRegisterForm" duration-ms="2112" started-at="2018-08-19T20:43:21Z" data-provider="registerForm" finished-at="2018-08-19T20:43:23Z">
          <params>
            <param index="0">
              <value>
                <![CDATA[Charlie Brown]]>
              </value>
            </param>
            <param index="1">
              <value>
                <![CDATA[5555555555]]>
              </value>
            </param>
            <param index="2">
              <value>
                <![CDATA[]]>
              </value>
            </param>
            <param index="3">
              <value>
                <![CDATA[1]]>
              </value>
            </param>
            <param index="4">
              <value>
                <![CDATA[1020]]>
              </value>
            </param>
            <param index="5">
              <value>
                <![CDATA[123]]>
              </value>
            </param>
            <param index="6">
              <value>
                <![CDATA[12345]]>
              </value>
            </param>
            <param index="7">
              <value>
                <![CDATA[password]]>
              </value>
            </param>
            <param index="8">
              <value>
                <![CDATA[Please fill out this field.]]>
              </value>
            </param>
          </params>
          <reporter-output>
          </reporter-output>
        </test-method> <!-- test4_InvalidRegisterForm -->
        <test-method status="PASS" signature="test4_InvalidRegisterForm(java.lang.String, java.lang.String, java.lang.String, java.lang.String, java.lang.String, java.lang.String, java.lang.String, java.lang.String, java.lang.String)[pri:0, instance:testclasses.TestNG_SignUp@4cc0edeb]" name="test4_InvalidRegisterForm" duration-ms="2571" started-at="2018-08-19T20:43:23Z" data-provider="registerForm" finished-at="2018-08-19T20:43:26Z">
          <params>
            <param index="0">
              <value>
                <![CDATA[Charlie Brown]]>
              </value>
            </param>
            <param index="1">
              <value>
                <![CDATA[5555555555]]>
              </value>
            </param>
            <param index="2">
              <value>
                <![CDATA[12345]]>
              </value>
            </param>
            <param index="3">
              <value>
                <![CDATA[1]]>
              </value>
            </param>
            <param index="4">
              <value>
                <![CDATA[1020]]>
              </value>
            </param>
            <param index="5">
              <value>
                <![CDATA[123]]>
              </value>
            </param>
            <param index="6">
              <value>
                <![CDATA[12345]]>
              </value>
            </param>
            <param index="7">
              <value>
                <![CDATA[p]]>
              </value>
            </param>
            <param index="8">
              <value>
                <![CDATA[Password should be 6 characters or more]]>
              </value>
            </param>
          </params>
          <reporter-output>
          </reporter-output>
        </test-method> <!-- test4_InvalidRegisterForm -->
        <test-method status="FAIL" signature="test4_InvalidRegisterForm(java.lang.String, java.lang.String, java.lang.String, java.lang.String, java.lang.String, java.lang.String, java.lang.String, java.lang.String, java.lang.String)[pri:0, instance:testclasses.TestNG_SignUp@4cc0edeb]" name="test4_InvalidRegisterForm" duration-ms="2254" started-at="2018-08-19T20:43:26Z" data-provider="registerForm" finished-at="2018-08-19T20:43:28Z">
          <params>
            <param index="0">
              <value>
                <![CDATA[Charlie Brown]]>
              </value>
            </param>
            <param index="1">
              <value>
                <![CDATA[5555555555]]>
              </value>
            </param>
            <param index="2">
              <value>
                <![CDATA[123456]]>
              </value>
            </param>
            <param index="3">
              <value>
                <![CDATA[1]]>
              </value>
            </param>
            <param index="4">
              <value>
                <![CDATA[1020]]>
              </value>
            </param>
            <param index="5">
              <value>
                <![CDATA[123]]>
              </value>
            </param>
            <param index="6">
              <value>
                <![CDATA[12345]]>
              </value>
            </param>
            <param index="7">
              <value>
                <![CDATA[p]]>
              </value>
            </param>
            <param index="8">
              <value>
                <![CDATA[Your card number is incomplete.]]>
              </value>
            </param>
          </params>
          <exception class="java.lang.AssertionError">
            <message>
              <![CDATA[expected [Your card number is incomplete.] but found [Password should be 6 characters or more]]]>
            </message>
            <full-stacktrace>
              <![CDATA[java.lang.AssertionError: expected [Your card number is incomplete.] but found [Password should be 6 characters or more]
	at org.testng.Assert.fail(Assert.java:93)
	at org.testng.Assert.failNotEquals(Assert.java:512)
	at org.testng.Assert.assertEqualsImpl(Assert.java:134)
	at org.testng.Assert.assertEquals(Assert.java:115)
	at org.testng.Assert.assertEquals(Assert.java:189)
	at org.testng.Assert.assertEquals(Assert.java:199)
	at testclasses.TestNG_SignUp.test4_InvalidRegisterForm(TestNG_SignUp.java:85)
	at sun.reflect.NativeMethodAccessorImpl.invoke0(Native Method)
	at sun.reflect.NativeMethodAccessorImpl.invoke(Unknown Source)
	at sun.reflect.DelegatingMethodAccessorImpl.invoke(Unknown Source)
	at java.lang.reflect.Method.invoke(Unknown Source)
	at org.testng.internal.MethodInvocationHelper.invokeMethod(MethodInvocationHelper.java:108)
	at org.testng.internal.Invoker.invokeMethod(Invoker.java:661)
	at org.testng.internal.Invoker.invokeTestMethod(Invoker.java:869)
	at org.testng.internal.Invoker.invokeTestMethods(Invoker.java:1193)
	at org.testng.internal.TestMethodWorker.invokeTestMethods(TestMethodWorker.java:126)
	at org.testng.internal.TestMethodWorker.run(TestMethodWorker.java:109)
	at org.testng.TestRunner.privateRun(TestRunner.java:744)
	at org.testng.TestRunner.run(TestRunner.java:602)
	at org.testng.SuiteRunner.runTest(SuiteRunner.java:380)
	at org.testng.SuiteRunner.runSequentially(SuiteRunner.java:375)
	at org.testng.SuiteRunner.privateRun(SuiteRunner.java:340)
	at org.testng.SuiteRunner.run(SuiteRunner.java:289)
	at org.testng.SuiteRunnerWorker.runSuite(SuiteRunnerWorker.java:52)
	at org.testng.SuiteRunnerWorker.run(SuiteRunnerWorker.java:86)
	at org.testng.TestNG.runSuitesSequentially(TestNG.java:1301)
	at org.testng.TestNG.runSuitesLocally(TestNG.java:1226)
	at org.testng.TestNG.runSuites(TestNG.java:1144)
	at org.testng.TestNG.run(TestNG.java:1115)
	at org.testng.remote.AbstractRemoteTestNG.run(AbstractRemoteTestNG.java:114)
	at org.testng.remote.RemoteTestNG.initAndRun(RemoteTestNG.java:251)
	at org.testng.remote.RemoteTestNG.main(RemoteTestNG.java:77)
]]>
            </full-stacktrace>
          </exception> <!-- java.lang.AssertionError -->
          <reporter-output>
          </reporter-output>
        </test-method> <!-- test4_InvalidRegisterForm -->
        <test-method status="FAIL" signature="test4_InvalidRegisterForm(java.lang.String, java.lang.String, java.lang.String, java.lang.String, java.lang.String, java.lang.String, java.lang.String, java.lang.String, java.lang.String)[pri:0, instance:testclasses.TestNG_SignUp@4cc0edeb]" name="test4_InvalidRegisterForm" duration-ms="2774" started-at="2018-08-19T20:43:28Z" data-provider="registerForm" finished-at="2018-08-19T20:43:31Z">
          <params>
            <param index="0">
              <value>
                <![CDATA[Charlie Brown]]>
              </value>
            </param>
            <param index="1">
              <value>
                <![CDATA[5555555555]]>
              </value>
            </param>
            <param index="2">
              <value>
                <![CDATA[123456]]>
              </value>
            </param>
            <param index="3">
              <value>
                <![CDATA[5555 5555 5555 5555]]>
              </value>
            </param>
            <param index="4">
              <value>
                <![CDATA[]]>
              </value>
            </param>
            <param index="5">
              <value>
                <![CDATA[123]]>
              </value>
            </param>
            <param index="6">
              <value>
                <![CDATA[12345]]>
              </value>
            </param>
            <param index="7">
              <value>
                <![CDATA[p]]>
              </value>
            </param>
            <param index="8">
              <value>
                <![CDATA[Your card number is invalid.]]>
              </value>
            </param>
          </params>
          <exception class="java.lang.AssertionError">
            <message>
              <![CDATA[expected [Your card number is invalid.] but found [Password should be 6 characters or more]]]>
            </message>
            <full-stacktrace>
              <![CDATA[java.lang.AssertionError: expected [Your card number is invalid.] but found [Password should be 6 characters or more]
	at org.testng.Assert.fail(Assert.java:93)
	at org.testng.Assert.failNotEquals(Assert.java:512)
	at org.testng.Assert.assertEqualsImpl(Assert.java:134)
	at org.testng.Assert.assertEquals(Assert.java:115)
	at org.testng.Assert.assertEquals(Assert.java:189)
	at org.testng.Assert.assertEquals(Assert.java:199)
	at testclasses.TestNG_SignUp.test4_InvalidRegisterForm(TestNG_SignUp.java:85)
	at sun.reflect.NativeMethodAccessorImpl.invoke0(Native Method)
	at sun.reflect.NativeMethodAccessorImpl.invoke(Unknown Source)
	at sun.reflect.DelegatingMethodAccessorImpl.invoke(Unknown Source)
	at java.lang.reflect.Method.invoke(Unknown Source)
	at org.testng.internal.MethodInvocationHelper.invokeMethod(MethodInvocationHelper.java:108)
	at org.testng.internal.Invoker.invokeMethod(Invoker.java:661)
	at org.testng.internal.Invoker.invokeTestMethod(Invoker.java:869)
	at org.testng.internal.Invoker.invokeTestMethods(Invoker.java:1193)
	at org.testng.internal.TestMethodWorker.invokeTestMethods(TestMethodWorker.java:126)
	at org.testng.internal.TestMethodWorker.run(TestMethodWorker.java:109)
	at org.testng.TestRunner.privateRun(TestRunner.java:744)
	at org.testng.TestRunner.run(TestRunner.java:602)
	at org.testng.SuiteRunner.runTest(SuiteRunner.java:380)
	at org.testng.SuiteRunner.runSequentially(SuiteRunner.java:375)
	at org.testng.SuiteRunner.privateRun(SuiteRunner.java:340)
	at org.testng.SuiteRunner.run(SuiteRunner.java:289)
	at org.testng.SuiteRunnerWorker.runSuite(SuiteRunnerWorker.java:52)
	at org.testng.SuiteRunnerWorker.run(SuiteRunnerWorker.java:86)
	at org.testng.TestNG.runSuitesSequentially(TestNG.java:1301)
	at org.testng.TestNG.runSuitesLocally(TestNG.java:1226)
	at org.testng.TestNG.runSuites(TestNG.java:1144)
	at org.testng.TestNG.run(TestNG.java:1115)
	at org.testng.remote.AbstractRemoteTestNG.run(AbstractRemoteTestNG.java:114)
	at org.testng.remote.RemoteTestNG.initAndRun(RemoteTestNG.java:251)
	at org.testng.remote.RemoteTestNG.main(RemoteTestNG.java:77)
]]>
            </full-stacktrace>
          </exception> <!-- java.lang.AssertionError -->
          <reporter-output>
          </reporter-output>
        </test-method> <!-- test4_InvalidRegisterForm -->
        <test-method status="PASS" signature="afterClass()[pri:0, instance:testclasses.TestNG_SignUp@4cc0edeb]" name="afterClass" is-config="true" duration-ms="0" started-at="2018-08-19T20:43:31Z" finished-at="2018-08-19T20:43:31Z">
          <reporter-output>
          </reporter-output>
        </test-method> <!-- afterClass -->
      </class> <!-- testclasses.TestNG_SignUp -->
    </test> <!-- Default test -->
  </suite> <!-- Default suite -->
</testng-results>
