<?xml version="1.0" encoding="UTF-8"?>
<testng-results skipped="0" failed="0" ignored="0" total="14" passed="14">
  <reporter-output>
  </reporter-output>
  <suite name="Default suite" duration-ms="60905" started-at="2018-06-25T18:41:43Z" finished-at="2018-06-25T18:42:44Z">
    <groups>
    </groups>
    <test name="Default test" duration-ms="60905" started-at="2018-06-25T18:41:43Z" finished-at="2018-06-25T18:42:44Z">
      <class name="testclasses.TestNG_SignUp">
        <test-method status="PASS" signature="beforeClass()[pri:0, instance:testclasses.TestNG_SignUp@6767c1fc]" name="beforeClass" is-config="true" duration-ms="17375" started-at="2018-06-25T11:41:43Z" finished-at="2018-06-25T11:42:01Z">
          <reporter-output>
          </reporter-output>
        </test-method> <!-- beforeClass -->
        <test-method status="PASS" signature="test1_InvalidEmailForm(java.lang.String, java.lang.String, java.lang.String, java.lang.String)[pri:0, instance:testclasses.TestNG_SignUp@6767c1fc]" name="test1_InvalidEmailForm" duration-ms="1304" started-at="2018-06-25T11:42:01Z" data-provider="emailForm" finished-at="2018-06-25T11:42:02Z">
          <params>
            <param index="0">
              <value>
                <![CDATA[ ]]>
              </value>
            </param>
            <param index="1">
              <value>
                <![CDATA[94706]]>
              </value>
            </param>
            <param index="2">
              <value>
                <![CDATA[email]]>
              </value>
            </param>
            <param index="3">
              <value>
                <![CDATA[Please fill out this field.]]>
              </value>
            </param>
          </params>
          <reporter-output>
          </reporter-output>
        </test-method> <!-- test1_InvalidEmailForm -->
        <test-method status="PASS" signature="test1_InvalidEmailForm(java.lang.String, java.lang.String, java.lang.String, java.lang.String)[pri:0, instance:testclasses.TestNG_SignUp@6767c1fc]" name="test1_InvalidEmailForm" duration-ms="1248" started-at="2018-06-25T11:42:02Z" data-provider="emailForm" finished-at="2018-06-25T11:42:03Z">
          <params>
            <param index="0">
              <value>
                <![CDATA[charliebrown@fakecharlie.net]]>
              </value>
            </param>
            <param index="1">
              <value>
                <![CDATA[]]>
              </value>
            </param>
            <param index="2">
              <value>
                <![CDATA[zip]]>
              </value>
            </param>
            <param index="3">
              <value>
                <![CDATA[Please fill out this field.]]>
              </value>
            </param>
          </params>
          <reporter-output>
          </reporter-output>
        </test-method> <!-- test1_InvalidEmailForm -->
        <test-method status="PASS" signature="test1_InvalidEmailForm(java.lang.String, java.lang.String, java.lang.String, java.lang.String)[pri:0, instance:testclasses.TestNG_SignUp@6767c1fc]" name="test1_InvalidEmailForm" duration-ms="956" started-at="2018-06-25T11:42:03Z" data-provider="emailForm" finished-at="2018-06-25T11:42:04Z">
          <params>
            <param index="0">
              <value>
                <![CDATA[charlie.brown]]>
              </value>
            </param>
            <param index="1">
              <value>
                <![CDATA[94706]]>
              </value>
            </param>
            <param index="2">
              <value>
                <![CDATA[email]]>
              </value>
            </param>
            <param index="3">
              <value>
                <![CDATA[Please include an '@' in the email address. 'charlie.brown' is missing an '@'.]]>
              </value>
            </param>
          </params>
          <reporter-output>
          </reporter-output>
        </test-method> <!-- test1_InvalidEmailForm -->
        <test-method status="PASS" signature="test1_InvalidEmailForm(java.lang.String, java.lang.String, java.lang.String, java.lang.String)[pri:0, instance:testclasses.TestNG_SignUp@6767c1fc]" name="test1_InvalidEmailForm" duration-ms="1681" started-at="2018-06-25T11:42:04Z" data-provider="emailForm" finished-at="2018-06-25T11:42:06Z">
          <params>
            <param index="0">
              <value>
                <![CDATA[charliebrown@fakecharlie.net]]>
              </value>
            </param>
            <param index="1">
              <value>
                <![CDATA[9470]]>
              </value>
            </param>
            <param index="2">
              <value>
                <![CDATA[p]]>
              </value>
            </param>
            <param index="3">
              <value>
                <![CDATA[Please enter a valid zip code]]>
              </value>
            </param>
          </params>
          <reporter-output>
          </reporter-output>
        </test-method> <!-- test1_InvalidEmailForm -->
        <test-method status="PASS" signature="test1_InvalidEmailForm(java.lang.String, java.lang.String, java.lang.String, java.lang.String)[pri:0, instance:testclasses.TestNG_SignUp@6767c1fc]" name="test1_InvalidEmailForm" duration-ms="1059" started-at="2018-06-25T11:42:06Z" data-provider="emailForm" finished-at="2018-06-25T11:42:07Z">
          <params>
            <param index="0">
              <value>
                <![CDATA[charliebrown@fakecharlie.net]]>
              </value>
            </param>
            <param index="1">
              <value>
                <![CDATA[947O6]]>
              </value>
            </param>
            <param index="2">
              <value>
                <![CDATA[p]]>
              </value>
            </param>
            <param index="3">
              <value>
                <![CDATA[Please enter a valid zip code]]>
              </value>
            </param>
          </params>
          <reporter-output>
          </reporter-output>
        </test-method> <!-- test1_InvalidEmailForm -->
        <test-method status="PASS" signature="test2_ZipOutOfRange()[pri:0, instance:testclasses.TestNG_SignUp@6767c1fc]" name="test2_ZipOutOfRange" duration-ms="2123" started-at="2018-06-25T11:42:07Z" finished-at="2018-06-25T11:42:09Z">
          <reporter-output>
          </reporter-output>
        </test-method> <!-- test2_ZipOutOfRange -->
        <test-method status="PASS" signature="test3_ZipInRange()[pri:0, instance:testclasses.TestNG_SignUp@6767c1fc]" name="test3_ZipInRange" duration-ms="2657" started-at="2018-06-25T11:42:09Z" finished-at="2018-06-25T11:42:12Z">
          <reporter-output>
          </reporter-output>
        </test-method> <!-- test3_ZipInRange -->
        <test-method status="PASS" signature="test4_InvalidRegisterForm(java.lang.String, java.lang.String, java.lang.String, java.lang.String, java.lang.String, java.lang.String, java.lang.String, java.lang.String, java.lang.String)[pri:0, instance:testclasses.TestNG_SignUp@6767c1fc]" name="test4_InvalidRegisterForm" duration-ms="7358" started-at="2018-06-25T11:42:12Z" data-provider="registerForm" finished-at="2018-06-25T11:42:19Z">
          <params>
            <param index="0">
              <value>
                <![CDATA[]]>
              </value>
            </param>
            <param index="1">
              <value>
                <![CDATA[5555555555]]>
              </value>
            </param>
            <param index="2">
              <value>
                <![CDATA[123456]]>
              </value>
            </param>
            <param index="3">
              <value>
                <![CDATA[5555]]>
              </value>
            </param>
            <param index="4">
              <value>
                <![CDATA[1020]]>
              </value>
            </param>
            <param index="5">
              <value>
                <![CDATA[123]]>
              </value>
            </param>
            <param index="6">
              <value>
                <![CDATA[12345]]>
              </value>
            </param>
            <param index="7">
              <value>
                <![CDATA[p]]>
              </value>
            </param>
            <param index="8">
              <value>
                <![CDATA[Full Name cannot be blank.]]>
              </value>
            </param>
          </params>
          <reporter-output>
          </reporter-output>
        </test-method> <!-- test4_InvalidRegisterForm -->
        <test-method status="PASS" signature="test4_InvalidRegisterForm(java.lang.String, java.lang.String, java.lang.String, java.lang.String, java.lang.String, java.lang.String, java.lang.String, java.lang.String, java.lang.String)[pri:0, instance:testclasses.TestNG_SignUp@6767c1fc]" name="test4_InvalidRegisterForm" duration-ms="3476" started-at="2018-06-25T11:42:19Z" data-provider="registerForm" finished-at="2018-06-25T11:42:23Z">
          <params>
            <param index="0">
              <value>
                <![CDATA[Charlie Brown]]>
              </value>
            </param>
            <param index="1">
              <value>
                <![CDATA[]]>
              </value>
            </param>
            <param index="2">
              <value>
                <![CDATA[123456]]>
              </value>
            </param>
            <param index="3">
              <value>
                <![CDATA[1]]>
              </value>
            </param>
            <param index="4">
              <value>
                <![CDATA[1020]]>
              </value>
            </param>
            <param index="5">
              <value>
                <![CDATA[123]]>
              </value>
            </param>
            <param index="6">
              <value>
                <![CDATA[12345]]>
              </value>
            </param>
            <param index="7">
              <value>
                <![CDATA[p]]>
              </value>
            </param>
            <param index="8">
              <value>
                <![CDATA[Phone cannot be blank.]]>
              </value>
            </param>
          </params>
          <reporter-output>
          </reporter-output>
        </test-method> <!-- test4_InvalidRegisterForm -->
        <test-method status="PASS" signature="test4_InvalidRegisterForm(java.lang.String, java.lang.String, java.lang.String, java.lang.String, java.lang.String, java.lang.String, java.lang.String, java.lang.String, java.lang.String)[pri:0, instance:testclasses.TestNG_SignUp@6767c1fc]" name="test4_InvalidRegisterForm" duration-ms="3147" started-at="2018-06-25T11:42:23Z" data-provider="registerForm" finished-at="2018-06-25T11:42:26Z">
          <params>
            <param index="0">
              <value>
                <![CDATA[Charlie Brown]]>
              </value>
            </param>
            <param index="1">
              <value>
                <![CDATA[555]]>
              </value>
            </param>
            <param index="2">
              <value>
                <![CDATA[123456]]>
              </value>
            </param>
            <param index="3">
              <value>
                <![CDATA[1]]>
              </value>
            </param>
            <param index="4">
              <value>
                <![CDATA[1020]]>
              </value>
            </param>
            <param index="5">
              <value>
                <![CDATA[123]]>
              </value>
            </param>
            <param index="6">
              <value>
                <![CDATA[12345]]>
              </value>
            </param>
            <param index="7">
              <value>
                <![CDATA[p]]>
              </value>
            </param>
            <param index="8">
              <value>
                <![CDATA[Phone cannot be blank.]]>
              </value>
            </param>
          </params>
          <reporter-output>
          </reporter-output>
        </test-method> <!-- test4_InvalidRegisterForm -->
        <test-method status="PASS" signature="test4_InvalidRegisterForm(java.lang.String, java.lang.String, java.lang.String, java.lang.String, java.lang.String, java.lang.String, java.lang.String, java.lang.String, java.lang.String)[pri:0, instance:testclasses.TestNG_SignUp@6767c1fc]" name="test4_InvalidRegisterForm" duration-ms="3797" started-at="2018-06-25T11:42:26Z" data-provider="registerForm" finished-at="2018-06-25T11:42:30Z">
          <params>
            <param index="0">
              <value>
                <![CDATA[Charlie Brown]]>
              </value>
            </param>
            <param index="1">
              <value>
                <![CDATA[5555555555]]>
              </value>
            </param>
            <param index="2">
              <value>
                <![CDATA[]]>
              </value>
            </param>
            <param index="3">
              <value>
                <![CDATA[1]]>
              </value>
            </param>
            <param index="4">
              <value>
                <![CDATA[1020]]>
              </value>
            </param>
            <param index="5">
              <value>
                <![CDATA[123]]>
              </value>
            </param>
            <param index="6">
              <value>
                <![CDATA[12345]]>
              </value>
            </param>
            <param index="7">
              <value>
                <![CDATA[p]]>
              </value>
            </param>
            <param index="8">
              <value>
                <![CDATA[Password must be between 6 and 71 characters long.]]>
              </value>
            </param>
          </params>
          <reporter-output>
          </reporter-output>
        </test-method> <!-- test4_InvalidRegisterForm -->
        <test-method status="PASS" signature="test4_InvalidRegisterForm(java.lang.String, java.lang.String, java.lang.String, java.lang.String, java.lang.String, java.lang.String, java.lang.String, java.lang.String, java.lang.String)[pri:0, instance:testclasses.TestNG_SignUp@6767c1fc]" name="test4_InvalidRegisterForm" duration-ms="3936" started-at="2018-06-25T11:42:30Z" data-provider="registerForm" finished-at="2018-06-25T11:42:34Z">
          <params>
            <param index="0">
              <value>
                <![CDATA[Charlie Brown]]>
              </value>
            </param>
            <param index="1">
              <value>
                <![CDATA[5555555555]]>
              </value>
            </param>
            <param index="2">
              <value>
                <![CDATA[12345]]>
              </value>
            </param>
            <param index="3">
              <value>
                <![CDATA[1]]>
              </value>
            </param>
            <param index="4">
              <value>
                <![CDATA[1020]]>
              </value>
            </param>
            <param index="5">
              <value>
                <![CDATA[123]]>
              </value>
            </param>
            <param index="6">
              <value>
                <![CDATA[12345]]>
              </value>
            </param>
            <param index="7">
              <value>
                <![CDATA[p]]>
              </value>
            </param>
            <param index="8">
              <value>
                <![CDATA[Password must be between 6 and 71 characters long.]]>
              </value>
            </param>
          </params>
          <reporter-output>
          </reporter-output>
        </test-method> <!-- test4_InvalidRegisterForm -->
        <test-method status="PASS" signature="test4_InvalidRegisterForm(java.lang.String, java.lang.String, java.lang.String, java.lang.String, java.lang.String, java.lang.String, java.lang.String, java.lang.String, java.lang.String)[pri:0, instance:testclasses.TestNG_SignUp@6767c1fc]" name="test4_InvalidRegisterForm" duration-ms="4510" started-at="2018-06-25T11:42:34Z" data-provider="registerForm" finished-at="2018-06-25T11:42:38Z">
          <params>
            <param index="0">
              <value>
                <![CDATA[Charlie Brown]]>
              </value>
            </param>
            <param index="1">
              <value>
                <![CDATA[5555555555]]>
              </value>
            </param>
            <param index="2">
              <value>
                <![CDATA[123456]]>
              </value>
            </param>
            <param index="3">
              <value>
                <![CDATA[1]]>
              </value>
            </param>
            <param index="4">
              <value>
                <![CDATA[1020]]>
              </value>
            </param>
            <param index="5">
              <value>
                <![CDATA[123]]>
              </value>
            </param>
            <param index="6">
              <value>
                <![CDATA[12345]]>
              </value>
            </param>
            <param index="7">
              <value>
                <![CDATA[p]]>
              </value>
            </param>
            <param index="8">
              <value>
                <![CDATA[Your card number is incomplete.]]>
              </value>
            </param>
          </params>
          <reporter-output>
          </reporter-output>
        </test-method> <!-- test4_InvalidRegisterForm -->
        <test-method status="PASS" signature="test4_InvalidRegisterForm(java.lang.String, java.lang.String, java.lang.String, java.lang.String, java.lang.String, java.lang.String, java.lang.String, java.lang.String, java.lang.String)[pri:0, instance:testclasses.TestNG_SignUp@6767c1fc]" name="test4_InvalidRegisterForm" duration-ms="4945" started-at="2018-06-25T11:42:38Z" data-provider="registerForm" finished-at="2018-06-25T11:42:43Z">
          <params>
            <param index="0">
              <value>
                <![CDATA[Charlie Brown]]>
              </value>
            </param>
            <param index="1">
              <value>
                <![CDATA[5555555555]]>
              </value>
            </param>
            <param index="2">
              <value>
                <![CDATA[123456]]>
              </value>
            </param>
            <param index="3">
              <value>
                <![CDATA[5555 5555 5555 5555]]>
              </value>
            </param>
            <param index="4">
              <value>
                <![CDATA[]]>
              </value>
            </param>
            <param index="5">
              <value>
                <![CDATA[123]]>
              </value>
            </param>
            <param index="6">
              <value>
                <![CDATA[12345]]>
              </value>
            </param>
            <param index="7">
              <value>
                <![CDATA[p]]>
              </value>
            </param>
            <param index="8">
              <value>
                <![CDATA[Your card number is invalid.]]>
              </value>
            </param>
          </params>
          <reporter-output>
          </reporter-output>
        </test-method> <!-- test4_InvalidRegisterForm -->
        <test-method status="PASS" signature="afterClass()[pri:0, instance:testclasses.TestNG_SignUp@6767c1fc]" name="afterClass" is-config="true" duration-ms="1028" started-at="2018-06-25T11:42:43Z" finished-at="2018-06-25T11:42:44Z">
          <reporter-output>
          </reporter-output>
        </test-method> <!-- afterClass -->
      </class> <!-- testclasses.TestNG_SignUp -->
    </test> <!-- Default test -->
  </suite> <!-- Default suite -->
</testng-results>
